{"C:\\dev\\gravity\\calcan\\src\\App.tsx": {"path":"C:\\dev\\gravity\\calcan\\src\\App.tsx","statementMap":{"0":{"start":{"line":9,"column":6},"end":{"line":16,"column":null}},"1":{"start":{"line":10,"column":14},"end":{"line":10,"column":null}},"2":{"start":{"line":11,"column":2},"end":{"line":14,"column":null}},"3":{"start":{"line":11,"column":15},"end":{"line":11,"column":31}},"4":{"start":{"line":12,"column":14},"end":{"line":12,"column":null}},"5":{"start":{"line":13,"column":4},"end":{"line":13,"column":null}},"6":{"start":{"line":15,"column":2},"end":{"line":15,"column":null}},"7":{"start":{"line":19,"column":17},"end":{"line":19,"column":null}},"8":{"start":{"line":20,"column":23},"end":{"line":20,"column":null}},"9":{"start":{"line":21,"column":19},"end":{"line":21,"column":null}},"10":{"start":{"line":22,"column":23},"end":{"line":22,"column":null}},"11":{"start":{"line":23,"column":20},"end":{"line":23,"column":null}},"12":{"start":{"line":26,"column":8},"end":{"line":43,"column":null}},"13":{"start":{"line":27,"column":4},"end":{"line":27,"column":null}},"14":{"start":{"line":30,"column":28},"end":{"line":30,"column":null}},"15":{"start":{"line":31,"column":4},"end":{"line":35,"column":null}},"16":{"start":{"line":32,"column":6},"end":{"line":32,"column":null}},"17":{"start":{"line":32,"column":48},"end":{"line":32,"column":66}},"18":{"start":{"line":33,"column":11},"end":{"line":35,"column":null}},"19":{"start":{"line":34,"column":6},"end":{"line":34,"column":null}},"20":{"start":{"line":34,"column":48},"end":{"line":34,"column":68}},"21":{"start":{"line":38,"column":21},"end":{"line":38,"column":null}},"22":{"start":{"line":39,"column":4},"end":{"line":39,"column":null}},"23":{"start":{"line":40,"column":4},"end":{"line":40,"column":null}},"24":{"start":{"line":41,"column":4},"end":{"line":41,"column":null}},"25":{"start":{"line":42,"column":4},"end":{"line":42,"column":null}},"26":{"start":{"line":46,"column":8},"end":{"line":53,"column":null}},"27":{"start":{"line":47,"column":4},"end":{"line":52,"column":null}},"28":{"start":{"line":48,"column":6},"end":{"line":48,"column":null}},"29":{"start":{"line":48,"column":30},"end":{"line":48,"column":38}},"30":{"start":{"line":49,"column":6},"end":{"line":49,"column":null}},"31":{"start":{"line":51,"column":6},"end":{"line":51,"column":null}},"32":{"start":{"line":56,"column":8},"end":{"line":58,"column":null}},"33":{"start":{"line":57,"column":4},"end":{"line":57,"column":null}},"34":{"start":{"line":57,"column":25},"end":{"line":57,"column":30}},"35":{"start":{"line":61,"column":8},"end":{"line":63,"column":null}},"36":{"start":{"line":62,"column":4},"end":{"line":62,"column":null}},"37":{"start":{"line":66,"column":2},"end":{"line":93,"column":null}},"38":{"start":{"line":67,"column":10},"end":{"line":87,"column":null}},"39":{"start":{"line":68,"column":6},"end":{"line":68,"column":null}},"40":{"start":{"line":68,"column":29},"end":{"line":68,"column":null}},"41":{"start":{"line":70,"column":6},"end":{"line":86,"column":null}},"42":{"start":{"line":72,"column":8},"end":{"line":72,"column":null}},"43":{"start":{"line":74,"column":8},"end":{"line":78,"column":null}},"44":{"start":{"line":75,"column":10},"end":{"line":75,"column":null}},"45":{"start":{"line":77,"column":10},"end":{"line":77,"column":null}},"46":{"start":{"line":79,"column":13},"end":{"line":86,"column":null}},"47":{"start":{"line":81,"column":8},"end":{"line":81,"column":null}},"48":{"start":{"line":83,"column":8},"end":{"line":85,"column":null}},"49":{"start":{"line":84,"column":10},"end":{"line":84,"column":null}},"50":{"start":{"line":89,"column":4},"end":{"line":89,"column":null}},"51":{"start":{"line":90,"column":4},"end":{"line":92,"column":null}},"52":{"start":{"line":91,"column":6},"end":{"line":91,"column":null}},"53":{"start":{"line":95,"column":2},"end":{"line":125,"column":null}}},"fnMap":{"0":{"name":"(anonymous_0)","decl":{"start":{"line":9,"column":6},"end":{"line":9,"column":26}},"loc":{"start":{"line":9,"column":46},"end":{"line":16,"column":null}},"line":9},"1":{"name":"App","decl":{"start":{"line":18,"column":9},"end":{"line":18,"column":15}},"loc":{"start":{"line":18,"column":15},"end":{"line":127,"column":null}},"line":18},"2":{"name":"(anonymous_2)","decl":{"start":{"line":26,"column":8},"end":{"line":26,"column":23}},"loc":{"start":{"line":26,"column":61},"end":{"line":43,"column":null}},"line":26},"3":{"name":"(anonymous_3)","decl":{"start":{"line":32,"column":36},"end":{"line":32,"column":43}},"loc":{"start":{"line":32,"column":48},"end":{"line":32,"column":66}},"line":32},"4":{"name":"(anonymous_4)","decl":{"start":{"line":34,"column":36},"end":{"line":34,"column":43}},"loc":{"start":{"line":34,"column":48},"end":{"line":34,"column":68}},"line":34},"5":{"name":"(anonymous_5)","decl":{"start":{"line":46,"column":8},"end":{"line":46,"column":27}},"loc":{"start":{"line":46,"column":27},"end":{"line":53,"column":null}},"line":46},"6":{"name":"(anonymous_6)","decl":{"start":{"line":48,"column":6},"end":{"line":48,"column":22}},"loc":{"start":{"line":48,"column":30},"end":{"line":48,"column":38}},"line":48},"7":{"name":"(anonymous_7)","decl":{"start":{"line":56,"column":8},"end":{"line":56,"column":33}},"loc":{"start":{"line":56,"column":33},"end":{"line":58,"column":null}},"line":56},"8":{"name":"(anonymous_8)","decl":{"start":{"line":57,"column":4},"end":{"line":57,"column":17}},"loc":{"start":{"line":57,"column":25},"end":{"line":57,"column":30}},"line":57},"9":{"name":"(anonymous_9)","decl":{"start":{"line":61,"column":8},"end":{"line":61,"column":34}},"loc":{"start":{"line":61,"column":34},"end":{"line":63,"column":null}},"line":61},"10":{"name":"(anonymous_10)","decl":{"start":{"line":66,"column":2},"end":{"line":66,"column":18}},"loc":{"start":{"line":66,"column":18},"end":{"line":93,"column":5}},"line":66},"11":{"name":"(anonymous_11)","decl":{"start":{"line":67,"column":10},"end":{"line":67,"column":27}},"loc":{"start":{"line":67,"column":52},"end":{"line":87,"column":null}},"line":67},"12":{"name":"(anonymous_12)","decl":{"start":{"line":90,"column":4},"end":{"line":90,"column":17}},"loc":{"start":{"line":90,"column":17},"end":{"line":92,"column":null}},"line":90}},"branchMap":{"0":{"loc":{"start":{"line":31,"column":4},"end":{"line":35,"column":null}},"type":"if","locations":[{"start":{"line":31,"column":4},"end":{"line":35,"column":null}},{"start":{"line":33,"column":11},"end":{"line":35,"column":null}}],"line":31},"1":{"loc":{"start":{"line":33,"column":11},"end":{"line":35,"column":null}},"type":"if","locations":[{"start":{"line":33,"column":11},"end":{"line":35,"column":null}},{"start":{},"end":{}}],"line":33},"2":{"loc":{"start":{"line":47,"column":4},"end":{"line":52,"column":null}},"type":"if","locations":[{"start":{"line":47,"column":4},"end":{"line":52,"column":null}},{"start":{"line":50,"column":11},"end":{"line":52,"column":null}}],"line":47},"3":{"loc":{"start":{"line":68,"column":6},"end":{"line":68,"column":null}},"type":"if","locations":[{"start":{"line":68,"column":6},"end":{"line":68,"column":null}},{"start":{},"end":{}}],"line":68},"4":{"loc":{"start":{"line":70,"column":6},"end":{"line":86,"column":null}},"type":"if","locations":[{"start":{"line":70,"column":6},"end":{"line":86,"column":null}},{"start":{"line":79,"column":13},"end":{"line":86,"column":null}}],"line":70},"5":{"loc":{"start":{"line":70,"column":10},"end":{"line":70,"column":60}},"type":"binary-expr","locations":[{"start":{"line":70,"column":10},"end":{"line":70,"column":36}},{"start":{"line":70,"column":36},"end":{"line":70,"column":60}}],"line":70},"6":{"loc":{"start":{"line":74,"column":8},"end":{"line":78,"column":null}},"type":"if","locations":[{"start":{"line":74,"column":8},"end":{"line":78,"column":null}},{"start":{"line":76,"column":15},"end":{"line":78,"column":null}}],"line":74},"7":{"loc":{"start":{"line":79,"column":13},"end":{"line":86,"column":null}},"type":"if","locations":[{"start":{"line":79,"column":13},"end":{"line":86,"column":null}},{"start":{},"end":{}}],"line":79},"8":{"loc":{"start":{"line":83,"column":8},"end":{"line":85,"column":null}},"type":"if","locations":[{"start":{"line":83,"column":8},"end":{"line":85,"column":null}},{"start":{},"end":{}}],"line":83},"9":{"loc":{"start":{"line":97,"column":7},"end":{"line":98,"column":null}},"type":"binary-expr","locations":[{"start":{"line":97,"column":7},"end":{"line":97,"column":null}},{"start":{"line":98,"column":8},"end":{"line":98,"column":null}}],"line":97},"10":{"loc":{"start":{"line":101,"column":7},"end":{"line":110,"column":null}},"type":"binary-expr","locations":[{"start":{"line":101,"column":7},"end":{"line":101,"column":28}},{"start":{"line":101,"column":28},"end":{"line":101,"column":null}},{"start":{"line":102,"column":8},"end":{"line":110,"column":null}}],"line":101},"11":{"loc":{"start":{"line":113,"column":7},"end":{"line":118,"column":null}},"type":"binary-expr","locations":[{"start":{"line":113,"column":7},"end":{"line":113,"column":null}},{"start":{"line":114,"column":8},"end":{"line":118,"column":null}}],"line":113}},"s":{"0":1,"1":3,"2":3,"3":3,"4":27,"5":27,"6":3,"7":33,"8":33,"9":33,"10":33,"11":33,"12":33,"13":3,"14":3,"15":3,"16":3,"17":60,"18":0,"19":0,"20":0,"21":3,"22":3,"23":3,"24":3,"25":3,"26":33,"27":11,"28":10,"29":10,"30":10,"31":1,"32":33,"33":10,"34":10,"35":33,"36":2,"37":33,"38":33,"39":5,"40":1,"41":4,"42":3,"43":3,"44":2,"45":1,"46":1,"47":1,"48":1,"49":1,"50":33,"51":33,"52":33,"53":33},"f":{"0":3,"1":33,"2":3,"3":60,"4":0,"5":11,"6":10,"7":10,"8":10,"9":2,"10":33,"11":5,"12":33},"b":{"0":[3,0],"1":[0,0],"2":[10,1],"3":[1,4],"4":[3,1],"5":[4,2],"6":[2,1],"7":[1,0],"8":[1,0],"9":[33,6],"10":[33,26,26],"11":[33,1]},"meta":{"lastBranch":12,"lastFunction":13,"lastStatement":54,"seen":{"s:9:6:16:Infinity":0,"f:9:6:9:26":0,"s:10:14:10:Infinity":1,"s:11:2:14:Infinity":2,"s:11:15:11:31":3,"s:12:14:12:Infinity":4,"s:13:4:13:Infinity":5,"s:15:2:15:Infinity":6,"f:18:9:18:15":1,"s:19:17:19:Infinity":7,"s:20:23:20:Infinity":8,"s:21:19:21:Infinity":9,"s:22:23:22:Infinity":10,"s:23:20:23:Infinity":11,"s:26:8:43:Infinity":12,"f:26:8:26:23":2,"s:27:4:27:Infinity":13,"s:30:28:30:Infinity":14,"b:31:4:35:Infinity:33:11:35:Infinity":0,"s:31:4:35:Infinity":15,"s:32:6:32:Infinity":16,"f:32:36:32:43":3,"s:32:48:32:66":17,"b:33:11:35:Infinity:undefined:undefined:undefined:undefined":1,"s:33:11:35:Infinity":18,"s:34:6:34:Infinity":19,"f:34:36:34:43":4,"s:34:48:34:68":20,"s:38:21:38:Infinity":21,"s:39:4:39:Infinity":22,"s:40:4:40:Infinity":23,"s:41:4:41:Infinity":24,"s:42:4:42:Infinity":25,"s:46:8:53:Infinity":26,"f:46:8:46:27":5,"b:47:4:52:Infinity:50:11:52:Infinity":2,"s:47:4:52:Infinity":27,"s:48:6:48:Infinity":28,"f:48:6:48:22":6,"s:48:30:48:38":29,"s:49:6:49:Infinity":30,"s:51:6:51:Infinity":31,"s:56:8:58:Infinity":32,"f:56:8:56:33":7,"s:57:4:57:Infinity":33,"f:57:4:57:17":8,"s:57:25:57:30":34,"s:61:8:63:Infinity":35,"f:61:8:61:34":9,"s:62:4:62:Infinity":36,"s:66:2:93:Infinity":37,"f:66:2:66:18":10,"s:67:10:87:Infinity":38,"f:67:10:67:27":11,"b:68:6:68:Infinity:undefined:undefined:undefined:undefined":3,"s:68:6:68:Infinity":39,"s:68:29:68:Infinity":40,"b:70:6:86:Infinity:79:13:86:Infinity":4,"s:70:6:86:Infinity":41,"b:70:10:70:36:70:36:70:60":5,"s:72:8:72:Infinity":42,"b:74:8:78:Infinity:76:15:78:Infinity":6,"s:74:8:78:Infinity":43,"s:75:10:75:Infinity":44,"s:77:10:77:Infinity":45,"b:79:13:86:Infinity:undefined:undefined:undefined:undefined":7,"s:79:13:86:Infinity":46,"s:81:8:81:Infinity":47,"b:83:8:85:Infinity:undefined:undefined:undefined:undefined":8,"s:83:8:85:Infinity":48,"s:84:10:84:Infinity":49,"s:89:4:89:Infinity":50,"s:90:4:92:Infinity":51,"f:90:4:90:17":12,"s:91:6:91:Infinity":52,"s:95:2:125:Infinity":53,"b:97:7:97:Infinity:98:8:98:Infinity":9,"b:101:7:101:28:101:28:101:Infinity:102:8:110:Infinity":10,"b:113:7:113:Infinity:114:8:118:Infinity":11},"fnNames":{}}}
,"C:\\dev\\gravity\\calcan\\src\\components\\CardScreen.tsx": {"path":"C:\\dev\\gravity\\calcan\\src\\components\\CardScreen.tsx","statementMap":{"0":{"start":{"line":16,"column":13},"end":{"line":181,"column":null}},"1":{"start":{"line":25,"column":17},"end":{"line":25,"column":null}},"2":{"start":{"line":27,"column":8},"end":{"line":33,"column":null}},"3":{"start":{"line":28,"column":4},"end":{"line":32,"column":null}},"4":{"start":{"line":29,"column":6},"end":{"line":29,"column":null}},"5":{"start":{"line":31,"column":6},"end":{"line":31,"column":null}},"6":{"start":{"line":35,"column":2},"end":{"line":179,"column":null}},"7":{"start":{"line":166,"column":18},"end":{"line":166,"column":null}},"8":{"start":{"line":167,"column":18},"end":{"line":167,"column":null}}},"fnMap":{"0":{"name":"(anonymous_0)","decl":{"start":{"line":16,"column":13},"end":{"line":16,"column":54}},"loc":{"start":{"line":24,"column":6},"end":{"line":181,"column":null}},"line":24},"1":{"name":"(anonymous_1)","decl":{"start":{"line":27,"column":8},"end":{"line":27,"column":32}},"loc":{"start":{"line":27,"column":32},"end":{"line":33,"column":null}},"line":27},"2":{"name":"(anonymous_2)","decl":{"start":{"line":165,"column":16},"end":{"line":165,"column":26}},"loc":{"start":{"line":165,"column":32},"end":{"line":168,"column":null}},"line":165}},"branchMap":{"0":{"loc":{"start":{"line":28,"column":4},"end":{"line":32,"column":null}},"type":"if","locations":[{"start":{"line":28,"column":4},"end":{"line":32,"column":null}},{"start":{"line":30,"column":11},"end":{"line":32,"column":null}}],"line":28},"1":{"loc":{"start":{"line":62,"column":69},"end":{"line":62,"column":null}},"type":"cond-expr","locations":[{"start":{"line":62,"column":81},"end":{"line":62,"column":93}},{"start":{"line":62,"column":93},"end":{"line":62,"column":null}}],"line":62},"2":{"loc":{"start":{"line":74,"column":40},"end":{"line":74,"column":null}},"type":"cond-expr","locations":[{"start":{"line":74,"column":68},"end":{"line":74,"column":84}},{"start":{"line":74,"column":84},"end":{"line":74,"column":null}}],"line":74},"3":{"loc":{"start":{"line":75,"column":17},"end":{"line":75,"column":57}},"type":"cond-expr","locations":[{"start":{"line":75,"column":45},"end":{"line":75,"column":52}},{"start":{"line":75,"column":52},"end":{"line":75,"column":57}}],"line":75},"4":{"loc":{"start":{"line":115,"column":40},"end":{"line":115,"column":103}},"type":"cond-expr","locations":[{"start":{"line":115,"column":68},"end":{"line":115,"column":84}},{"start":{"line":115,"column":84},"end":{"line":115,"column":103}}],"line":115},"5":{"loc":{"start":{"line":172,"column":17},"end":{"line":172,"column":null}},"type":"cond-expr","locations":[{"start":{"line":172,"column":26},"end":{"line":172,"column":36}},{"start":{"line":172,"column":36},"end":{"line":172,"column":null}}],"line":172}},"s":{"0":2,"1":30,"2":30,"3":12,"4":11,"5":1,"6":30,"7":11,"8":11},"f":{"0":30,"1":12,"2":11},"b":{"0":[11,1],"1":[14,16],"2":[30,0],"3":[30,0],"4":[30,0],"5":[2,28]},"meta":{"lastBranch":6,"lastFunction":3,"lastStatement":9,"seen":{"s:16:13:181:Infinity":0,"f:16:13:16:54":0,"s:25:17:25:Infinity":1,"s:27:8:33:Infinity":2,"f:27:8:27:32":1,"b:28:4:32:Infinity:30:11:32:Infinity":0,"s:28:4:32:Infinity":3,"s:29:6:29:Infinity":4,"s:31:6:31:Infinity":5,"s:35:2:179:Infinity":6,"b:62:81:62:93:62:93:62:Infinity":1,"b:74:68:74:84:74:84:74:Infinity":2,"b:75:45:75:52:75:52:75:57":3,"b:115:68:115:84:115:84:115:103":4,"f:165:16:165:26":2,"s:166:18:166:Infinity":7,"s:167:18:167:Infinity":8,"b:172:26:172:36:172:36:172:Infinity":5},"fnNames":{}}}
,"C:\\dev\\gravity\\calcan\\src\\components\\MathText.tsx": {"path":"C:\\dev\\gravity\\calcan\\src\\components\\MathText.tsx","statementMap":{"0":{"start":{"line":14,"column":6},"end":{"line":59,"column":null}},"1":{"start":{"line":15,"column":28},"end":{"line":15,"column":null}},"2":{"start":{"line":17,"column":16},"end":{"line":17,"column":null}},"3":{"start":{"line":19,"column":18},"end":{"line":19,"column":null}},"4":{"start":{"line":22,"column":2},"end":{"line":48,"column":null}},"5":{"start":{"line":23,"column":23},"end":{"line":23,"column":null}},"6":{"start":{"line":24,"column":22},"end":{"line":24,"column":null}},"7":{"start":{"line":27,"column":4},"end":{"line":32,"column":null}},"8":{"start":{"line":28,"column":6},"end":{"line":31,"column":null}},"9":{"start":{"line":35,"column":4},"end":{"line":45,"column":null}},"10":{"start":{"line":36,"column":6},"end":{"line":39,"column":null}},"11":{"start":{"line":40,"column":11},"end":{"line":45,"column":null}},"12":{"start":{"line":41,"column":6},"end":{"line":44,"column":null}},"13":{"start":{"line":47,"column":4},"end":{"line":47,"column":null}},"14":{"start":{"line":51,"column":2},"end":{"line":56,"column":null}},"15":{"start":{"line":52,"column":4},"end":{"line":55,"column":null}},"16":{"start":{"line":58,"column":2},"end":{"line":58,"column":null}},"17":{"start":{"line":61,"column":6},"end":{"line":79,"column":null}},"18":{"start":{"line":62,"column":8},"end":{"line":62,"column":null}},"19":{"start":{"line":64,"column":2},"end":{"line":76,"column":null}},"20":{"start":{"line":65,"column":4},"end":{"line":75,"column":null}},"21":{"start":{"line":66,"column":6},"end":{"line":74,"column":null}},"22":{"start":{"line":67,"column":8},"end":{"line":70,"column":null}},"23":{"start":{"line":72,"column":8},"end":{"line":72,"column":null}},"24":{"start":{"line":73,"column":8},"end":{"line":73,"column":null}},"25":{"start":{"line":78,"column":2},"end":{"line":78,"column":null}},"26":{"start":{"line":81,"column":13},"end":{"line":117,"column":null}},"27":{"start":{"line":82,"column":16},"end":{"line":82,"column":null}},"28":{"start":{"line":84,"column":2},"end":{"line":115,"column":null}},"29":{"start":{"line":87,"column":8},"end":{"line":99,"column":null}},"30":{"start":{"line":89,"column":10},"end":{"line":97,"column":null}},"31":{"start":{"line":92,"column":16},"end":{"line":95,"column":null}},"32":{"start":{"line":101,"column":24},"end":{"line":101,"column":null}},"33":{"start":{"line":102,"column":8},"end":{"line":112,"column":null}}},"fnMap":{"0":{"name":"(anonymous_0)","decl":{"start":{"line":14,"column":6},"end":{"line":14,"column":19}},"loc":{"start":{"line":14,"column":48},"end":{"line":59,"column":null}},"line":14},"1":{"name":"(anonymous_1)","decl":{"start":{"line":61,"column":6},"end":{"line":61,"column":74}},"loc":{"start":{"line":61,"column":103},"end":{"line":79,"column":null}},"line":61},"2":{"name":"(anonymous_2)","decl":{"start":{"line":64,"column":2},"end":{"line":64,"column":18}},"loc":{"start":{"line":64,"column":18},"end":{"line":76,"column":5}},"line":64},"3":{"name":"(anonymous_3)","decl":{"start":{"line":81,"column":13},"end":{"line":81,"column":50}},"loc":{"start":{"line":81,"column":63},"end":{"line":117,"column":null}},"line":81},"4":{"name":"(anonymous_4)","decl":{"start":{"line":86,"column":13},"end":{"line":86,"column":18}},"loc":{"start":{"line":86,"column":34},"end":{"line":114,"column":7}},"line":86},"5":{"name":"(anonymous_5)","decl":{"start":{"line":91,"column":40},"end":{"line":91,"column":45}},"loc":{"start":{"line":92,"column":16},"end":{"line":95,"column":null}},"line":92}},"branchMap":{"0":{"loc":{"start":{"line":27,"column":4},"end":{"line":32,"column":null}},"type":"if","locations":[{"start":{"line":27,"column":4},"end":{"line":32,"column":null}},{"start":{},"end":{}}],"line":27},"1":{"loc":{"start":{"line":35,"column":4},"end":{"line":45,"column":null}},"type":"if","locations":[{"start":{"line":35,"column":4},"end":{"line":45,"column":null}},{"start":{"line":40,"column":11},"end":{"line":45,"column":null}}],"line":35},"2":{"loc":{"start":{"line":35,"column":8},"end":{"line":35,"column":64}},"type":"binary-expr","locations":[{"start":{"line":35,"column":8},"end":{"line":35,"column":38}},{"start":{"line":35,"column":38},"end":{"line":35,"column":64}}],"line":35},"3":{"loc":{"start":{"line":40,"column":11},"end":{"line":45,"column":null}},"type":"if","locations":[{"start":{"line":40,"column":11},"end":{"line":45,"column":null}},{"start":{},"end":{}}],"line":40},"4":{"loc":{"start":{"line":40,"column":15},"end":{"line":40,"column":69}},"type":"binary-expr","locations":[{"start":{"line":40,"column":15},"end":{"line":40,"column":44}},{"start":{"line":40,"column":44},"end":{"line":40,"column":69}}],"line":40},"5":{"loc":{"start":{"line":51,"column":2},"end":{"line":56,"column":null}},"type":"if","locations":[{"start":{"line":51,"column":2},"end":{"line":56,"column":null}},{"start":{},"end":{}}],"line":51},"6":{"loc":{"start":{"line":65,"column":4},"end":{"line":75,"column":null}},"type":"if","locations":[{"start":{"line":65,"column":4},"end":{"line":75,"column":null}},{"start":{},"end":{}}],"line":65},"7":{"loc":{"start":{"line":87,"column":8},"end":{"line":99,"column":null}},"type":"if","locations":[{"start":{"line":87,"column":8},"end":{"line":99,"column":null}},{"start":{},"end":{}}],"line":87},"8":{"loc":{"start":{"line":94,"column":19},"end":{"line":95,"column":null}},"type":"binary-expr","locations":[{"start":{"line":94,"column":19},"end":{"line":94,"column":51}},{"start":{"line":94,"column":51},"end":{"line":95,"column":null}}],"line":94},"9":{"loc":{"start":{"line":106,"column":23},"end":{"line":106,"column":null}},"type":"cond-expr","locations":[{"start":{"line":106,"column":33},"end":{"line":106,"column":43}},{"start":{"line":106,"column":43},"end":{"line":106,"column":null}}],"line":106},"10":{"loc":{"start":{"line":107,"column":22},"end":{"line":107,"column":null}},"type":"cond-expr","locations":[{"start":{"line":107,"column":32},"end":{"line":107,"column":43}},{"start":{"line":107,"column":43},"end":{"line":107,"column":null}}],"line":107},"11":{"loc":{"start":{"line":108,"column":25},"end":{"line":108,"column":null}},"type":"cond-expr","locations":[{"start":{"line":108,"column":35},"end":{"line":108,"column":46}},{"start":{"line":108,"column":46},"end":{"line":108,"column":null}}],"line":108}},"s":{"0":3,"1":94,"2":94,"3":94,"4":94,"5":297,"6":297,"7":297,"8":266,"9":297,"10":112,"11":185,"12":185,"13":297,"14":94,"15":8,"16":94,"17":3,"18":297,"19":297,"20":154,"21":154,"22":154,"23":0,"24":0,"25":297,"26":3,"27":94,"28":94,"29":571,"30":274,"31":441,"32":297,"33":297},"f":{"0":94,"1":297,"2":154,"3":94,"4":571,"5":441},"b":{"0":[266,31],"1":[112,185],"2":[297,112],"3":[185,0],"4":[185,185],"5":[8,86],"6":[154,0],"7":[274,297],"8":[441,167],"9":[112,185],"10":[112,185],"11":[112,185]},"meta":{"lastBranch":12,"lastFunction":6,"lastStatement":34,"seen":{"s:14:6:59:Infinity":0,"f:14:6:14:19":0,"s:15:28:15:Infinity":1,"s:17:16:17:Infinity":2,"s:19:18:19:Infinity":3,"s:22:2:48:Infinity":4,"s:23:23:23:Infinity":5,"s:24:22:24:Infinity":6,"b:27:4:32:Infinity:undefined:undefined:undefined:undefined":0,"s:27:4:32:Infinity":7,"s:28:6:31:Infinity":8,"b:35:4:45:Infinity:40:11:45:Infinity":1,"s:35:4:45:Infinity":9,"b:35:8:35:38:35:38:35:64":2,"s:36:6:39:Infinity":10,"b:40:11:45:Infinity:undefined:undefined:undefined:undefined":3,"s:40:11:45:Infinity":11,"b:40:15:40:44:40:44:40:69":4,"s:41:6:44:Infinity":12,"s:47:4:47:Infinity":13,"b:51:2:56:Infinity:undefined:undefined:undefined:undefined":5,"s:51:2:56:Infinity":14,"s:52:4:55:Infinity":15,"s:58:2:58:Infinity":16,"s:61:6:79:Infinity":17,"f:61:6:61:74":1,"s:62:8:62:Infinity":18,"s:64:2:76:Infinity":19,"f:64:2:64:18":2,"b:65:4:75:Infinity:undefined:undefined:undefined:undefined":6,"s:65:4:75:Infinity":20,"s:66:6:74:Infinity":21,"s:67:8:70:Infinity":22,"s:72:8:72:Infinity":23,"s:73:8:73:Infinity":24,"s:78:2:78:Infinity":25,"s:81:13:117:Infinity":26,"f:81:13:81:50":3,"s:82:16:82:Infinity":27,"s:84:2:115:Infinity":28,"f:86:13:86:18":4,"b:87:8:99:Infinity:undefined:undefined:undefined:undefined":7,"s:87:8:99:Infinity":29,"s:89:10:97:Infinity":30,"f:91:40:91:45":5,"s:92:16:95:Infinity":31,"b:94:19:94:51:94:51:95:Infinity":8,"s:101:24:101:Infinity":32,"s:102:8:112:Infinity":33,"b:106:33:106:43:106:43:106:Infinity":9,"b:107:32:107:43:107:43:107:Infinity":10,"b:108:35:108:46:108:46:108:Infinity":11},"fnNames":{}}}
,"C:\\dev\\gravity\\calcan\\src\\components\\ResultScreen.tsx": {"path":"C:\\dev\\gravity\\calcan\\src\\components\\ResultScreen.tsx","statementMap":{"0":{"start":{"line":10,"column":13},"end":{"line":150,"column":null}},"1":{"start":{"line":15,"column":8},"end":{"line":21,"column":null}},"2":{"start":{"line":16,"column":4},"end":{"line":20,"column":null}},"3":{"start":{"line":17,"column":18},"end":{"line":17,"column":null}},"4":{"start":{"line":18,"column":20},"end":{"line":18,"column":null}},"5":{"start":{"line":19,"column":22},"end":{"line":19,"column":null}},"6":{"start":{"line":23,"column":2},"end":{"line":148,"column":null}}},"fnMap":{"0":{"name":"(anonymous_0)","decl":{"start":{"line":10,"column":13},"end":{"line":10,"column":58}},"loc":{"start":{"line":14,"column":6},"end":{"line":150,"column":null}},"line":14},"1":{"name":"(anonymous_1)","decl":{"start":{"line":15,"column":8},"end":{"line":15,"column":28}},"loc":{"start":{"line":15,"column":28},"end":{"line":21,"column":null}},"line":15}},"branchMap":{"0":{"loc":{"start":{"line":16,"column":4},"end":{"line":20,"column":null}},"type":"switch","locations":[{"start":{"line":17,"column":6},"end":{"line":17,"column":null}},{"start":{"line":18,"column":6},"end":{"line":18,"column":null}},{"start":{"line":19,"column":6},"end":{"line":19,"column":null}}],"line":16}},"s":{"0":2,"1":4,"2":4,"3":1,"4":2,"5":1,"6":4},"f":{"0":4,"1":4},"b":{"0":[1,2,1]},"meta":{"lastBranch":1,"lastFunction":2,"lastStatement":7,"seen":{"s:10:13:150:Infinity":0,"f:10:13:10:58":0,"s:15:8:21:Infinity":1,"f:15:8:15:28":1,"b:17:6:17:Infinity:18:6:18:Infinity:19:6:19:Infinity":0,"s:16:4:20:Infinity":2,"s:17:18:17:Infinity":3,"s:18:20:18:Infinity":4,"s:19:22:19:Infinity":5,"s:23:2:148:Infinity":6},"fnNames":{}}}
,"C:\\dev\\gravity\\calcan\\src\\components\\StartScreen.tsx": {"path":"C:\\dev\\gravity\\calcan\\src\\components\\StartScreen.tsx","statementMap":{"0":{"start":{"line":8,"column":13},"end":{"line":257,"column":null}},"1":{"start":{"line":9,"column":23},"end":{"line":9,"column":null}},"2":{"start":{"line":11,"column":8},"end":{"line":13,"column":null}},"3":{"start":{"line":12,"column":4},"end":{"line":12,"column":null}},"4":{"start":{"line":15,"column":2},"end":{"line":255,"column":null}},"5":{"start":{"line":86,"column":25},"end":{"line":86,"column":null}},"6":{"start":{"line":136,"column":25},"end":{"line":136,"column":null}},"7":{"start":{"line":186,"column":25},"end":{"line":186,"column":null}}},"fnMap":{"0":{"name":"(anonymous_0)","decl":{"start":{"line":8,"column":13},"end":{"line":8,"column":56}},"loc":{"start":{"line":8,"column":72},"end":{"line":257,"column":null}},"line":8},"1":{"name":"(anonymous_1)","decl":{"start":{"line":11,"column":8},"end":{"line":11,"column":28}},"loc":{"start":{"line":11,"column":28},"end":{"line":13,"column":null}},"line":11},"2":{"name":"(anonymous_2)","decl":{"start":{"line":86,"column":10},"end":{"line":86,"column":25}},"loc":{"start":{"line":86,"column":25},"end":{"line":86,"column":null}},"line":86},"3":{"name":"(anonymous_3)","decl":{"start":{"line":136,"column":10},"end":{"line":136,"column":25}},"loc":{"start":{"line":136,"column":25},"end":{"line":136,"column":null}},"line":136},"4":{"name":"(anonymous_4)","decl":{"start":{"line":186,"column":10},"end":{"line":186,"column":25}},"loc":{"start":{"line":186,"column":25},"end":{"line":186,"column":null}},"line":186}},"branchMap":{"0":{"loc":{"start":{"line":94,"column":33},"end":{"line":94,"column":null}},"type":"cond-expr","locations":[{"start":{"line":94,"column":58},"end":{"line":94,"column":81}},{"start":{"line":94,"column":81},"end":{"line":94,"column":null}}],"line":94},"1":{"loc":{"start":{"line":95,"column":23},"end":{"line":95,"column":null}},"type":"cond-expr","locations":[{"start":{"line":95,"column":48},"end":{"line":95,"column":90}},{"start":{"line":95,"column":90},"end":{"line":95,"column":null}}],"line":95},"2":{"loc":{"start":{"line":97,"column":23},"end":{"line":97,"column":null}},"type":"cond-expr","locations":[{"start":{"line":97,"column":48},"end":{"line":97,"column":64}},{"start":{"line":97,"column":64},"end":{"line":97,"column":null}}],"line":97},"3":{"loc":{"start":{"line":124,"column":35},"end":{"line":124,"column":null}},"type":"cond-expr","locations":[{"start":{"line":124,"column":60},"end":{"line":124,"column":83}},{"start":{"line":124,"column":83},"end":{"line":124,"column":null}}],"line":124},"4":{"loc":{"start":{"line":125,"column":26},"end":{"line":125,"column":null}},"type":"cond-expr","locations":[{"start":{"line":125,"column":51},"end":{"line":125,"column":74}},{"start":{"line":125,"column":74},"end":{"line":125,"column":null}}],"line":125},"5":{"loc":{"start":{"line":131,"column":13},"end":{"line":131,"column":null}},"type":"binary-expr","locations":[{"start":{"line":131,"column":13},"end":{"line":131,"column":39}},{"start":{"line":131,"column":39},"end":{"line":131,"column":null}}],"line":131},"6":{"loc":{"start":{"line":144,"column":33},"end":{"line":144,"column":null}},"type":"cond-expr","locations":[{"start":{"line":144,"column":60},"end":{"line":144,"column":83}},{"start":{"line":144,"column":83},"end":{"line":144,"column":null}}],"line":144},"7":{"loc":{"start":{"line":145,"column":23},"end":{"line":145,"column":null}},"type":"cond-expr","locations":[{"start":{"line":145,"column":50},"end":{"line":145,"column":92}},{"start":{"line":145,"column":92},"end":{"line":145,"column":null}}],"line":145},"8":{"loc":{"start":{"line":147,"column":23},"end":{"line":147,"column":null}},"type":"cond-expr","locations":[{"start":{"line":147,"column":50},"end":{"line":147,"column":66}},{"start":{"line":147,"column":66},"end":{"line":147,"column":null}}],"line":147},"9":{"loc":{"start":{"line":174,"column":35},"end":{"line":174,"column":null}},"type":"cond-expr","locations":[{"start":{"line":174,"column":62},"end":{"line":174,"column":85}},{"start":{"line":174,"column":85},"end":{"line":174,"column":null}}],"line":174},"10":{"loc":{"start":{"line":175,"column":26},"end":{"line":175,"column":null}},"type":"cond-expr","locations":[{"start":{"line":175,"column":53},"end":{"line":175,"column":76}},{"start":{"line":175,"column":76},"end":{"line":175,"column":null}}],"line":175},"11":{"loc":{"start":{"line":181,"column":13},"end":{"line":181,"column":null}},"type":"binary-expr","locations":[{"start":{"line":181,"column":13},"end":{"line":181,"column":41}},{"start":{"line":181,"column":41},"end":{"line":181,"column":null}}],"line":181},"12":{"loc":{"start":{"line":194,"column":33},"end":{"line":194,"column":null}},"type":"cond-expr","locations":[{"start":{"line":194,"column":62},"end":{"line":194,"column":85}},{"start":{"line":194,"column":85},"end":{"line":194,"column":null}}],"line":194},"13":{"loc":{"start":{"line":195,"column":23},"end":{"line":195,"column":null}},"type":"cond-expr","locations":[{"start":{"line":195,"column":52},"end":{"line":195,"column":94}},{"start":{"line":195,"column":94},"end":{"line":195,"column":null}}],"line":195},"14":{"loc":{"start":{"line":197,"column":23},"end":{"line":197,"column":null}},"type":"cond-expr","locations":[{"start":{"line":197,"column":52},"end":{"line":197,"column":68}},{"start":{"line":197,"column":68},"end":{"line":197,"column":null}}],"line":197},"15":{"loc":{"start":{"line":224,"column":35},"end":{"line":224,"column":null}},"type":"cond-expr","locations":[{"start":{"line":224,"column":64},"end":{"line":224,"column":87}},{"start":{"line":224,"column":87},"end":{"line":224,"column":null}}],"line":224},"16":{"loc":{"start":{"line":225,"column":26},"end":{"line":225,"column":null}},"type":"cond-expr","locations":[{"start":{"line":225,"column":55},"end":{"line":225,"column":78}},{"start":{"line":225,"column":78},"end":{"line":225,"column":null}}],"line":225},"17":{"loc":{"start":{"line":231,"column":13},"end":{"line":231,"column":null}},"type":"binary-expr","locations":[{"start":{"line":231,"column":13},"end":{"line":231,"column":43}},{"start":{"line":231,"column":43},"end":{"line":231,"column":null}}],"line":231}},"s":{"0":2,"1":13,"2":13,"3":6,"4":13,"5":0,"6":4,"7":1},"f":{"0":13,"1":6,"2":0,"3":4,"4":1},"b":{"0":[8,5],"1":[8,5],"2":[8,5],"3":[8,5],"4":[8,5],"5":[13,8],"6":[4,9],"7":[4,9],"8":[4,9],"9":[4,9],"10":[4,9],"11":[13,4],"12":[1,12],"13":[1,12],"14":[1,12],"15":[1,12],"16":[1,12],"17":[13,1]},"meta":{"lastBranch":18,"lastFunction":5,"lastStatement":8,"seen":{"s:8:13:257:Infinity":0,"f:8:13:8:56":0,"s:9:23:9:Infinity":1,"s:11:8:13:Infinity":2,"f:11:8:11:28":1,"s:12:4:12:Infinity":3,"s:15:2:255:Infinity":4,"f:86:10:86:25":2,"s:86:25:86:Infinity":5,"b:94:58:94:81:94:81:94:Infinity":0,"b:95:48:95:90:95:90:95:Infinity":1,"b:97:48:97:64:97:64:97:Infinity":2,"b:124:60:124:83:124:83:124:Infinity":3,"b:125:51:125:74:125:74:125:Infinity":4,"b:131:13:131:39:131:39:131:Infinity":5,"f:136:10:136:25":3,"s:136:25:136:Infinity":6,"b:144:60:144:83:144:83:144:Infinity":6,"b:145:50:145:92:145:92:145:Infinity":7,"b:147:50:147:66:147:66:147:Infinity":8,"b:174:62:174:85:174:85:174:Infinity":9,"b:175:53:175:76:175:76:175:Infinity":10,"b:181:13:181:41:181:41:181:Infinity":11,"f:186:10:186:25":4,"s:186:25:186:Infinity":7,"b:194:62:194:85:194:85:194:Infinity":12,"b:195:52:195:94:195:94:195:Infinity":13,"b:197:52:197:68:197:68:197:Infinity":14,"b:224:64:224:87:224:87:224:Infinity":15,"b:225:55:225:78:225:78:225:Infinity":16,"b:231:13:231:43:231:43:231:Infinity":17},"fnNames":{}}}
,"C:\\dev\\gravity\\calcan\\src\\data\\questions.ts": {"path":"C:\\dev\\gravity\\calcan\\src\\data\\questions.ts","statementMap":{"0":{"start":{"line":10,"column":37},"end":{"line":357,"column":null}}},"fnMap":{},"branchMap":{},"s":{"0":2},"f":{},"b":{},"meta":{"lastBranch":0,"lastFunction":0,"lastStatement":1,"seen":{"s:10:37:357:Infinity":0},"fnNames":{}}}
}
