{"C:\\dev\\gravity\\calcan\\src\\App.tsx": {"path":"C:\\dev\\gravity\\calcan\\src\\App.tsx","statementMap":{"0":{"start":{"line":8,"column":6},"end":{"line":15,"column":null}},"1":{"start":{"line":9,"column":14},"end":{"line":9,"column":null}},"2":{"start":{"line":10,"column":2},"end":{"line":13,"column":null}},"3":{"start":{"line":10,"column":15},"end":{"line":10,"column":31}},"4":{"start":{"line":11,"column":14},"end":{"line":11,"column":null}},"5":{"start":{"line":12,"column":4},"end":{"line":12,"column":null}},"6":{"start":{"line":14,"column":2},"end":{"line":14,"column":null}},"7":{"start":{"line":18,"column":17},"end":{"line":18,"column":null}},"8":{"start":{"line":19,"column":23},"end":{"line":19,"column":null}},"9":{"start":{"line":20,"column":19},"end":{"line":20,"column":null}},"10":{"start":{"line":21,"column":23},"end":{"line":21,"column":null}},"11":{"start":{"line":22,"column":20},"end":{"line":22,"column":null}},"12":{"start":{"line":25,"column":8},"end":{"line":42,"column":null}},"13":{"start":{"line":26,"column":4},"end":{"line":26,"column":null}},"14":{"start":{"line":29,"column":28},"end":{"line":29,"column":null}},"15":{"start":{"line":30,"column":4},"end":{"line":34,"column":null}},"16":{"start":{"line":31,"column":6},"end":{"line":31,"column":null}},"17":{"start":{"line":31,"column":48},"end":{"line":31,"column":66}},"18":{"start":{"line":32,"column":11},"end":{"line":34,"column":null}},"19":{"start":{"line":33,"column":6},"end":{"line":33,"column":null}},"20":{"start":{"line":33,"column":48},"end":{"line":33,"column":68}},"21":{"start":{"line":37,"column":21},"end":{"line":37,"column":null}},"22":{"start":{"line":38,"column":4},"end":{"line":38,"column":null}},"23":{"start":{"line":39,"column":4},"end":{"line":39,"column":null}},"24":{"start":{"line":40,"column":4},"end":{"line":40,"column":null}},"25":{"start":{"line":41,"column":4},"end":{"line":41,"column":null}},"26":{"start":{"line":45,"column":8},"end":{"line":52,"column":null}},"27":{"start":{"line":46,"column":4},"end":{"line":51,"column":null}},"28":{"start":{"line":47,"column":6},"end":{"line":47,"column":null}},"29":{"start":{"line":47,"column":30},"end":{"line":47,"column":38}},"30":{"start":{"line":48,"column":6},"end":{"line":48,"column":null}},"31":{"start":{"line":50,"column":6},"end":{"line":50,"column":null}},"32":{"start":{"line":55,"column":8},"end":{"line":57,"column":null}},"33":{"start":{"line":56,"column":4},"end":{"line":56,"column":null}},"34":{"start":{"line":56,"column":25},"end":{"line":56,"column":30}},"35":{"start":{"line":60,"column":8},"end":{"line":62,"column":null}},"36":{"start":{"line":61,"column":4},"end":{"line":61,"column":null}},"37":{"start":{"line":65,"column":2},"end":{"line":85,"column":null}},"38":{"start":{"line":66,"column":10},"end":{"line":79,"column":null}},"39":{"start":{"line":67,"column":6},"end":{"line":67,"column":null}},"40":{"start":{"line":67,"column":29},"end":{"line":67,"column":null}},"41":{"start":{"line":69,"column":6},"end":{"line":78,"column":null}},"42":{"start":{"line":71,"column":8},"end":{"line":71,"column":null}},"43":{"start":{"line":73,"column":8},"end":{"line":77,"column":null}},"44":{"start":{"line":74,"column":10},"end":{"line":74,"column":null}},"45":{"start":{"line":76,"column":10},"end":{"line":76,"column":null}},"46":{"start":{"line":81,"column":4},"end":{"line":81,"column":null}},"47":{"start":{"line":82,"column":4},"end":{"line":84,"column":null}},"48":{"start":{"line":83,"column":6},"end":{"line":83,"column":null}},"49":{"start":{"line":87,"column":2},"end":{"line":117,"column":null}}},"fnMap":{"0":{"name":"(anonymous_0)","decl":{"start":{"line":8,"column":6},"end":{"line":8,"column":26}},"loc":{"start":{"line":8,"column":46},"end":{"line":15,"column":null}},"line":8},"1":{"name":"App","decl":{"start":{"line":17,"column":9},"end":{"line":17,"column":15}},"loc":{"start":{"line":17,"column":15},"end":{"line":119,"column":null}},"line":17},"2":{"name":"(anonymous_2)","decl":{"start":{"line":25,"column":8},"end":{"line":25,"column":23}},"loc":{"start":{"line":25,"column":61},"end":{"line":42,"column":null}},"line":25},"3":{"name":"(anonymous_3)","decl":{"start":{"line":31,"column":36},"end":{"line":31,"column":43}},"loc":{"start":{"line":31,"column":48},"end":{"line":31,"column":66}},"line":31},"4":{"name":"(anonymous_4)","decl":{"start":{"line":33,"column":36},"end":{"line":33,"column":43}},"loc":{"start":{"line":33,"column":48},"end":{"line":33,"column":68}},"line":33},"5":{"name":"(anonymous_5)","decl":{"start":{"line":45,"column":8},"end":{"line":45,"column":27}},"loc":{"start":{"line":45,"column":27},"end":{"line":52,"column":null}},"line":45},"6":{"name":"(anonymous_6)","decl":{"start":{"line":47,"column":6},"end":{"line":47,"column":22}},"loc":{"start":{"line":47,"column":30},"end":{"line":47,"column":38}},"line":47},"7":{"name":"(anonymous_7)","decl":{"start":{"line":55,"column":8},"end":{"line":55,"column":33}},"loc":{"start":{"line":55,"column":33},"end":{"line":57,"column":null}},"line":55},"8":{"name":"(anonymous_8)","decl":{"start":{"line":56,"column":4},"end":{"line":56,"column":17}},"loc":{"start":{"line":56,"column":25},"end":{"line":56,"column":30}},"line":56},"9":{"name":"(anonymous_9)","decl":{"start":{"line":60,"column":8},"end":{"line":60,"column":34}},"loc":{"start":{"line":60,"column":34},"end":{"line":62,"column":null}},"line":60},"10":{"name":"(anonymous_10)","decl":{"start":{"line":65,"column":2},"end":{"line":65,"column":18}},"loc":{"start":{"line":65,"column":18},"end":{"line":85,"column":5}},"line":65},"11":{"name":"(anonymous_11)","decl":{"start":{"line":66,"column":10},"end":{"line":66,"column":27}},"loc":{"start":{"line":66,"column":52},"end":{"line":79,"column":null}},"line":66},"12":{"name":"(anonymous_12)","decl":{"start":{"line":82,"column":4},"end":{"line":82,"column":17}},"loc":{"start":{"line":82,"column":17},"end":{"line":84,"column":null}},"line":82}},"branchMap":{"0":{"loc":{"start":{"line":30,"column":4},"end":{"line":34,"column":null}},"type":"if","locations":[{"start":{"line":30,"column":4},"end":{"line":34,"column":null}},{"start":{"line":32,"column":11},"end":{"line":34,"column":null}}],"line":30},"1":{"loc":{"start":{"line":32,"column":11},"end":{"line":34,"column":null}},"type":"if","locations":[{"start":{"line":32,"column":11},"end":{"line":34,"column":null}},{"start":{},"end":{}}],"line":32},"2":{"loc":{"start":{"line":46,"column":4},"end":{"line":51,"column":null}},"type":"if","locations":[{"start":{"line":46,"column":4},"end":{"line":51,"column":null}},{"start":{"line":49,"column":11},"end":{"line":51,"column":null}}],"line":46},"3":{"loc":{"start":{"line":67,"column":6},"end":{"line":67,"column":null}},"type":"if","locations":[{"start":{"line":67,"column":6},"end":{"line":67,"column":null}},{"start":{},"end":{}}],"line":67},"4":{"loc":{"start":{"line":69,"column":6},"end":{"line":78,"column":null}},"type":"if","locations":[{"start":{"line":69,"column":6},"end":{"line":78,"column":null}},{"start":{},"end":{}}],"line":69},"5":{"loc":{"start":{"line":69,"column":10},"end":{"line":69,"column":60}},"type":"binary-expr","locations":[{"start":{"line":69,"column":10},"end":{"line":69,"column":36}},{"start":{"line":69,"column":36},"end":{"line":69,"column":60}}],"line":69},"6":{"loc":{"start":{"line":73,"column":8},"end":{"line":77,"column":null}},"type":"if","locations":[{"start":{"line":73,"column":8},"end":{"line":77,"column":null}},{"start":{"line":75,"column":15},"end":{"line":77,"column":null}}],"line":73},"7":{"loc":{"start":{"line":89,"column":7},"end":{"line":90,"column":null}},"type":"binary-expr","locations":[{"start":{"line":89,"column":7},"end":{"line":89,"column":null}},{"start":{"line":90,"column":8},"end":{"line":90,"column":null}}],"line":89},"8":{"loc":{"start":{"line":93,"column":7},"end":{"line":102,"column":null}},"type":"binary-expr","locations":[{"start":{"line":93,"column":7},"end":{"line":93,"column":28}},{"start":{"line":93,"column":28},"end":{"line":93,"column":null}},{"start":{"line":94,"column":8},"end":{"line":102,"column":null}}],"line":93},"9":{"loc":{"start":{"line":105,"column":7},"end":{"line":110,"column":null}},"type":"binary-expr","locations":[{"start":{"line":105,"column":7},"end":{"line":105,"column":null}},{"start":{"line":106,"column":8},"end":{"line":110,"column":null}}],"line":105}},"s":{"0":1,"1":2,"2":2,"3":2,"4":18,"5":18,"6":2,"7":29,"8":29,"9":29,"10":29,"11":29,"12":29,"13":2,"14":2,"15":2,"16":2,"17":40,"18":0,"19":0,"20":0,"21":2,"22":2,"23":2,"24":2,"25":2,"26":29,"27":11,"28":10,"29":10,"30":10,"31":1,"32":29,"33":10,"34":10,"35":29,"36":2,"37":29,"38":29,"39":3,"40":1,"41":2,"42":2,"43":2,"44":1,"45":1,"46":29,"47":29,"48":29,"49":29},"f":{"0":2,"1":29,"2":2,"3":40,"4":0,"5":11,"6":10,"7":10,"8":10,"9":2,"10":29,"11":3,"12":29},"b":{"0":[2,0],"1":[0,0],"2":[10,1],"3":[1,2],"4":[2,0],"5":[2,1],"6":[1,1],"7":[29,5],"8":[29,23,23],"9":[29,1]},"meta":{"lastBranch":10,"lastFunction":13,"lastStatement":50,"seen":{"s:8:6:15:Infinity":0,"f:8:6:8:26":0,"s:9:14:9:Infinity":1,"s:10:2:13:Infinity":2,"s:10:15:10:31":3,"s:11:14:11:Infinity":4,"s:12:4:12:Infinity":5,"s:14:2:14:Infinity":6,"f:17:9:17:15":1,"s:18:17:18:Infinity":7,"s:19:23:19:Infinity":8,"s:20:19:20:Infinity":9,"s:21:23:21:Infinity":10,"s:22:20:22:Infinity":11,"s:25:8:42:Infinity":12,"f:25:8:25:23":2,"s:26:4:26:Infinity":13,"s:29:28:29:Infinity":14,"b:30:4:34:Infinity:32:11:34:Infinity":0,"s:30:4:34:Infinity":15,"s:31:6:31:Infinity":16,"f:31:36:31:43":3,"s:31:48:31:66":17,"b:32:11:34:Infinity:undefined:undefined:undefined:undefined":1,"s:32:11:34:Infinity":18,"s:33:6:33:Infinity":19,"f:33:36:33:43":4,"s:33:48:33:68":20,"s:37:21:37:Infinity":21,"s:38:4:38:Infinity":22,"s:39:4:39:Infinity":23,"s:40:4:40:Infinity":24,"s:41:4:41:Infinity":25,"s:45:8:52:Infinity":26,"f:45:8:45:27":5,"b:46:4:51:Infinity:49:11:51:Infinity":2,"s:46:4:51:Infinity":27,"s:47:6:47:Infinity":28,"f:47:6:47:22":6,"s:47:30:47:38":29,"s:48:6:48:Infinity":30,"s:50:6:50:Infinity":31,"s:55:8:57:Infinity":32,"f:55:8:55:33":7,"s:56:4:56:Infinity":33,"f:56:4:56:17":8,"s:56:25:56:30":34,"s:60:8:62:Infinity":35,"f:60:8:60:34":9,"s:61:4:61:Infinity":36,"s:65:2:85:Infinity":37,"f:65:2:65:18":10,"s:66:10:79:Infinity":38,"f:66:10:66:27":11,"b:67:6:67:Infinity:undefined:undefined:undefined:undefined":3,"s:67:6:67:Infinity":39,"s:67:29:67:Infinity":40,"b:69:6:78:Infinity:undefined:undefined:undefined:undefined":4,"s:69:6:78:Infinity":41,"b:69:10:69:36:69:36:69:60":5,"s:71:8:71:Infinity":42,"b:73:8:77:Infinity:75:15:77:Infinity":6,"s:73:8:77:Infinity":43,"s:74:10:74:Infinity":44,"s:76:10:76:Infinity":45,"s:81:4:81:Infinity":46,"s:82:4:84:Infinity":47,"f:82:4:82:17":12,"s:83:6:83:Infinity":48,"s:87:2:117:Infinity":49,"b:89:7:89:Infinity:90:8:90:Infinity":7,"b:93:7:93:28:93:28:93:Infinity:94:8:102:Infinity":8,"b:105:7:105:Infinity:106:8:110:Infinity":9},"fnNames":{}}}
,"C:\\dev\\gravity\\calcan\\src\\components\\CardScreen.tsx": {"path":"C:\\dev\\gravity\\calcan\\src\\components\\CardScreen.tsx","statementMap":{"0":{"start":{"line":16,"column":13},"end":{"line":181,"column":null}},"1":{"start":{"line":25,"column":17},"end":{"line":25,"column":null}},"2":{"start":{"line":27,"column":8},"end":{"line":33,"column":null}},"3":{"start":{"line":28,"column":4},"end":{"line":32,"column":null}},"4":{"start":{"line":29,"column":6},"end":{"line":29,"column":null}},"5":{"start":{"line":31,"column":6},"end":{"line":31,"column":null}},"6":{"start":{"line":35,"column":2},"end":{"line":179,"column":null}},"7":{"start":{"line":166,"column":18},"end":{"line":166,"column":null}},"8":{"start":{"line":167,"column":18},"end":{"line":167,"column":null}}},"fnMap":{"0":{"name":"(anonymous_0)","decl":{"start":{"line":16,"column":13},"end":{"line":16,"column":54}},"loc":{"start":{"line":24,"column":6},"end":{"line":181,"column":null}},"line":24},"1":{"name":"(anonymous_1)","decl":{"start":{"line":27,"column":8},"end":{"line":27,"column":32}},"loc":{"start":{"line":27,"column":32},"end":{"line":33,"column":null}},"line":27},"2":{"name":"(anonymous_2)","decl":{"start":{"line":165,"column":16},"end":{"line":165,"column":26}},"loc":{"start":{"line":165,"column":32},"end":{"line":168,"column":null}},"line":165}},"branchMap":{"0":{"loc":{"start":{"line":28,"column":4},"end":{"line":32,"column":null}},"type":"if","locations":[{"start":{"line":28,"column":4},"end":{"line":32,"column":null}},{"start":{"line":30,"column":11},"end":{"line":32,"column":null}}],"line":28},"1":{"loc":{"start":{"line":62,"column":69},"end":{"line":62,"column":null}},"type":"cond-expr","locations":[{"start":{"line":62,"column":81},"end":{"line":62,"column":93}},{"start":{"line":62,"column":93},"end":{"line":62,"column":null}}],"line":62},"2":{"loc":{"start":{"line":74,"column":40},"end":{"line":74,"column":null}},"type":"cond-expr","locations":[{"start":{"line":74,"column":68},"end":{"line":74,"column":84}},{"start":{"line":74,"column":84},"end":{"line":74,"column":null}}],"line":74},"3":{"loc":{"start":{"line":75,"column":17},"end":{"line":75,"column":57}},"type":"cond-expr","locations":[{"start":{"line":75,"column":45},"end":{"line":75,"column":52}},{"start":{"line":75,"column":52},"end":{"line":75,"column":57}}],"line":75},"4":{"loc":{"start":{"line":115,"column":40},"end":{"line":115,"column":103}},"type":"cond-expr","locations":[{"start":{"line":115,"column":68},"end":{"line":115,"column":84}},{"start":{"line":115,"column":84},"end":{"line":115,"column":103}}],"line":115},"5":{"loc":{"start":{"line":172,"column":17},"end":{"line":172,"column":null}},"type":"cond-expr","locations":[{"start":{"line":172,"column":26},"end":{"line":172,"column":36}},{"start":{"line":172,"column":36},"end":{"line":172,"column":null}}],"line":172}},"s":{"0":2,"1":27,"2":27,"3":12,"4":11,"5":1,"6":27,"7":11,"8":11},"f":{"0":27,"1":12,"2":11},"b":{"0":[11,1],"1":[13,14],"2":[27,0],"3":[27,0],"4":[27,0],"5":[2,25]},"meta":{"lastBranch":6,"lastFunction":3,"lastStatement":9,"seen":{"s:16:13:181:Infinity":0,"f:16:13:16:54":0,"s:25:17:25:Infinity":1,"s:27:8:33:Infinity":2,"f:27:8:27:32":1,"b:28:4:32:Infinity:30:11:32:Infinity":0,"s:28:4:32:Infinity":3,"s:29:6:29:Infinity":4,"s:31:6:31:Infinity":5,"s:35:2:179:Infinity":6,"b:62:81:62:93:62:93:62:Infinity":1,"b:74:68:74:84:74:84:74:Infinity":2,"b:75:45:75:52:75:52:75:57":3,"b:115:68:115:84:115:84:115:103":4,"f:165:16:165:26":2,"s:166:18:166:Infinity":7,"s:167:18:167:Infinity":8,"b:172:26:172:36:172:36:172:Infinity":5},"fnNames":{}}}
,"C:\\dev\\gravity\\calcan\\src\\components\\MathText.tsx": {"path":"C:\\dev\\gravity\\calcan\\src\\components\\MathText.tsx","statementMap":{"0":{"start":{"line":14,"column":6},"end":{"line":59,"column":null}},"1":{"start":{"line":15,"column":28},"end":{"line":15,"column":null}},"2":{"start":{"line":17,"column":16},"end":{"line":17,"column":null}},"3":{"start":{"line":19,"column":18},"end":{"line":19,"column":null}},"4":{"start":{"line":22,"column":2},"end":{"line":48,"column":null}},"5":{"start":{"line":23,"column":23},"end":{"line":23,"column":null}},"6":{"start":{"line":24,"column":22},"end":{"line":24,"column":null}},"7":{"start":{"line":27,"column":4},"end":{"line":32,"column":null}},"8":{"start":{"line":28,"column":6},"end":{"line":31,"column":null}},"9":{"start":{"line":35,"column":4},"end":{"line":45,"column":null}},"10":{"start":{"line":36,"column":6},"end":{"line":39,"column":null}},"11":{"start":{"line":40,"column":11},"end":{"line":45,"column":null}},"12":{"start":{"line":41,"column":6},"end":{"line":44,"column":null}},"13":{"start":{"line":47,"column":4},"end":{"line":47,"column":null}},"14":{"start":{"line":51,"column":2},"end":{"line":56,"column":null}},"15":{"start":{"line":52,"column":4},"end":{"line":55,"column":null}},"16":{"start":{"line":58,"column":2},"end":{"line":58,"column":null}},"17":{"start":{"line":61,"column":6},"end":{"line":79,"column":null}},"18":{"start":{"line":62,"column":8},"end":{"line":62,"column":null}},"19":{"start":{"line":64,"column":2},"end":{"line":76,"column":null}},"20":{"start":{"line":65,"column":4},"end":{"line":75,"column":null}},"21":{"start":{"line":66,"column":6},"end":{"line":74,"column":null}},"22":{"start":{"line":67,"column":8},"end":{"line":70,"column":null}},"23":{"start":{"line":72,"column":8},"end":{"line":72,"column":null}},"24":{"start":{"line":73,"column":8},"end":{"line":73,"column":null}},"25":{"start":{"line":78,"column":2},"end":{"line":78,"column":null}},"26":{"start":{"line":81,"column":13},"end":{"line":117,"column":null}},"27":{"start":{"line":82,"column":16},"end":{"line":82,"column":null}},"28":{"start":{"line":84,"column":2},"end":{"line":115,"column":null}},"29":{"start":{"line":87,"column":8},"end":{"line":99,"column":null}},"30":{"start":{"line":89,"column":10},"end":{"line":97,"column":null}},"31":{"start":{"line":92,"column":16},"end":{"line":95,"column":null}},"32":{"start":{"line":101,"column":24},"end":{"line":101,"column":null}},"33":{"start":{"line":102,"column":8},"end":{"line":112,"column":null}}},"fnMap":{"0":{"name":"(anonymous_0)","decl":{"start":{"line":14,"column":6},"end":{"line":14,"column":19}},"loc":{"start":{"line":14,"column":48},"end":{"line":59,"column":null}},"line":14},"1":{"name":"(anonymous_1)","decl":{"start":{"line":61,"column":6},"end":{"line":61,"column":74}},"loc":{"start":{"line":61,"column":103},"end":{"line":79,"column":null}},"line":61},"2":{"name":"(anonymous_2)","decl":{"start":{"line":64,"column":2},"end":{"line":64,"column":18}},"loc":{"start":{"line":64,"column":18},"end":{"line":76,"column":5}},"line":64},"3":{"name":"(anonymous_3)","decl":{"start":{"line":81,"column":13},"end":{"line":81,"column":50}},"loc":{"start":{"line":81,"column":63},"end":{"line":117,"column":null}},"line":81},"4":{"name":"(anonymous_4)","decl":{"start":{"line":86,"column":13},"end":{"line":86,"column":18}},"loc":{"start":{"line":86,"column":34},"end":{"line":114,"column":7}},"line":86},"5":{"name":"(anonymous_5)","decl":{"start":{"line":91,"column":40},"end":{"line":91,"column":45}},"loc":{"start":{"line":92,"column":16},"end":{"line":95,"column":null}},"line":92}},"branchMap":{"0":{"loc":{"start":{"line":27,"column":4},"end":{"line":32,"column":null}},"type":"if","locations":[{"start":{"line":27,"column":4},"end":{"line":32,"column":null}},{"start":{},"end":{}}],"line":27},"1":{"loc":{"start":{"line":35,"column":4},"end":{"line":45,"column":null}},"type":"if","locations":[{"start":{"line":35,"column":4},"end":{"line":45,"column":null}},{"start":{"line":40,"column":11},"end":{"line":45,"column":null}}],"line":35},"2":{"loc":{"start":{"line":35,"column":8},"end":{"line":35,"column":64}},"type":"binary-expr","locations":[{"start":{"line":35,"column":8},"end":{"line":35,"column":38}},{"start":{"line":35,"column":38},"end":{"line":35,"column":64}}],"line":35},"3":{"loc":{"start":{"line":40,"column":11},"end":{"line":45,"column":null}},"type":"if","locations":[{"start":{"line":40,"column":11},"end":{"line":45,"column":null}},{"start":{},"end":{}}],"line":40},"4":{"loc":{"start":{"line":40,"column":15},"end":{"line":40,"column":69}},"type":"binary-expr","locations":[{"start":{"line":40,"column":15},"end":{"line":40,"column":44}},{"start":{"line":40,"column":44},"end":{"line":40,"column":69}}],"line":40},"5":{"loc":{"start":{"line":51,"column":2},"end":{"line":56,"column":null}},"type":"if","locations":[{"start":{"line":51,"column":2},"end":{"line":56,"column":null}},{"start":{},"end":{}}],"line":51},"6":{"loc":{"start":{"line":65,"column":4},"end":{"line":75,"column":null}},"type":"if","locations":[{"start":{"line":65,"column":4},"end":{"line":75,"column":null}},{"start":{},"end":{}}],"line":65},"7":{"loc":{"start":{"line":87,"column":8},"end":{"line":99,"column":null}},"type":"if","locations":[{"start":{"line":87,"column":8},"end":{"line":99,"column":null}},{"start":{},"end":{}}],"line":87},"8":{"loc":{"start":{"line":94,"column":19},"end":{"line":95,"column":null}},"type":"binary-expr","locations":[{"start":{"line":94,"column":19},"end":{"line":94,"column":51}},{"start":{"line":94,"column":51},"end":{"line":95,"column":null}}],"line":94},"9":{"loc":{"start":{"line":106,"column":23},"end":{"line":106,"column":null}},"type":"cond-expr","locations":[{"start":{"line":106,"column":33},"end":{"line":106,"column":43}},{"start":{"line":106,"column":43},"end":{"line":106,"column":null}}],"line":106},"10":{"loc":{"start":{"line":107,"column":22},"end":{"line":107,"column":null}},"type":"cond-expr","locations":[{"start":{"line":107,"column":32},"end":{"line":107,"column":43}},{"start":{"line":107,"column":43},"end":{"line":107,"column":null}}],"line":107},"11":{"loc":{"start":{"line":108,"column":25},"end":{"line":108,"column":null}},"type":"cond-expr","locations":[{"start":{"line":108,"column":35},"end":{"line":108,"column":46}},{"start":{"line":108,"column":46},"end":{"line":108,"column":null}}],"line":108}},"s":{"0":3,"1":85,"2":85,"3":85,"4":85,"5":244,"6":244,"7":244,"8":215,"9":244,"10":96,"11":148,"12":148,"13":244,"14":85,"15":7,"16":85,"17":3,"18":244,"19":244,"20":127,"21":127,"22":127,"23":0,"24":0,"25":244,"26":3,"27":85,"28":85,"29":466,"30":222,"31":358,"32":244,"33":244},"f":{"0":85,"1":244,"2":127,"3":85,"4":466,"5":358},"b":{"0":[215,29],"1":[96,148],"2":[244,96],"3":[148,0],"4":[148,148],"5":[7,78],"6":[127,0],"7":[222,244],"8":[358,136],"9":[96,148],"10":[96,148],"11":[96,148]},"meta":{"lastBranch":12,"lastFunction":6,"lastStatement":34,"seen":{"s:14:6:59:Infinity":0,"f:14:6:14:19":0,"s:15:28:15:Infinity":1,"s:17:16:17:Infinity":2,"s:19:18:19:Infinity":3,"s:22:2:48:Infinity":4,"s:23:23:23:Infinity":5,"s:24:22:24:Infinity":6,"b:27:4:32:Infinity:undefined:undefined:undefined:undefined":0,"s:27:4:32:Infinity":7,"s:28:6:31:Infinity":8,"b:35:4:45:Infinity:40:11:45:Infinity":1,"s:35:4:45:Infinity":9,"b:35:8:35:38:35:38:35:64":2,"s:36:6:39:Infinity":10,"b:40:11:45:Infinity:undefined:undefined:undefined:undefined":3,"s:40:11:45:Infinity":11,"b:40:15:40:44:40:44:40:69":4,"s:41:6:44:Infinity":12,"s:47:4:47:Infinity":13,"b:51:2:56:Infinity:undefined:undefined:undefined:undefined":5,"s:51:2:56:Infinity":14,"s:52:4:55:Infinity":15,"s:58:2:58:Infinity":16,"s:61:6:79:Infinity":17,"f:61:6:61:74":1,"s:62:8:62:Infinity":18,"s:64:2:76:Infinity":19,"f:64:2:64:18":2,"b:65:4:75:Infinity:undefined:undefined:undefined:undefined":6,"s:65:4:75:Infinity":20,"s:66:6:74:Infinity":21,"s:67:8:70:Infinity":22,"s:72:8:72:Infinity":23,"s:73:8:73:Infinity":24,"s:78:2:78:Infinity":25,"s:81:13:117:Infinity":26,"f:81:13:81:50":3,"s:82:16:82:Infinity":27,"s:84:2:115:Infinity":28,"f:86:13:86:18":4,"b:87:8:99:Infinity:undefined:undefined:undefined:undefined":7,"s:87:8:99:Infinity":29,"s:89:10:97:Infinity":30,"f:91:40:91:45":5,"s:92:16:95:Infinity":31,"b:94:19:94:51:94:51:95:Infinity":8,"s:101:24:101:Infinity":32,"s:102:8:112:Infinity":33,"b:106:33:106:43:106:43:106:Infinity":9,"b:107:32:107:43:107:43:107:Infinity":10,"b:108:35:108:46:108:46:108:Infinity":11},"fnNames":{}}}
,"C:\\dev\\gravity\\calcan\\src\\components\\ResultScreen.tsx": {"path":"C:\\dev\\gravity\\calcan\\src\\components\\ResultScreen.tsx","statementMap":{"0":{"start":{"line":10,"column":13},"end":{"line":150,"column":null}},"1":{"start":{"line":15,"column":8},"end":{"line":21,"column":null}},"2":{"start":{"line":16,"column":4},"end":{"line":20,"column":null}},"3":{"start":{"line":17,"column":18},"end":{"line":17,"column":null}},"4":{"start":{"line":18,"column":20},"end":{"line":18,"column":null}},"5":{"start":{"line":19,"column":22},"end":{"line":19,"column":null}},"6":{"start":{"line":23,"column":2},"end":{"line":148,"column":null}}},"fnMap":{"0":{"name":"(anonymous_0)","decl":{"start":{"line":10,"column":13},"end":{"line":10,"column":58}},"loc":{"start":{"line":14,"column":6},"end":{"line":150,"column":null}},"line":14},"1":{"name":"(anonymous_1)","decl":{"start":{"line":15,"column":8},"end":{"line":15,"column":28}},"loc":{"start":{"line":15,"column":28},"end":{"line":21,"column":null}},"line":15}},"branchMap":{"0":{"loc":{"start":{"line":16,"column":4},"end":{"line":20,"column":null}},"type":"switch","locations":[{"start":{"line":17,"column":6},"end":{"line":17,"column":null}},{"start":{"line":18,"column":6},"end":{"line":18,"column":null}},{"start":{"line":19,"column":6},"end":{"line":19,"column":null}}],"line":16}},"s":{"0":2,"1":4,"2":4,"3":1,"4":2,"5":1,"6":4},"f":{"0":4,"1":4},"b":{"0":[1,2,1]},"meta":{"lastBranch":1,"lastFunction":2,"lastStatement":7,"seen":{"s:10:13:150:Infinity":0,"f:10:13:10:58":0,"s:15:8:21:Infinity":1,"f:15:8:15:28":1,"b:17:6:17:Infinity:18:6:18:Infinity:19:6:19:Infinity":0,"s:16:4:20:Infinity":2,"s:17:18:17:Infinity":3,"s:18:20:18:Infinity":4,"s:19:22:19:Infinity":5,"s:23:2:148:Infinity":6},"fnNames":{}}}
,"C:\\dev\\gravity\\calcan\\src\\components\\StartScreen.tsx": {"path":"C:\\dev\\gravity\\calcan\\src\\components\\StartScreen.tsx","statementMap":{"0":{"start":{"line":8,"column":13},"end":{"line":257,"column":null}},"1":{"start":{"line":9,"column":23},"end":{"line":9,"column":null}},"2":{"start":{"line":11,"column":8},"end":{"line":13,"column":null}},"3":{"start":{"line":12,"column":4},"end":{"line":12,"column":null}},"4":{"start":{"line":15,"column":2},"end":{"line":255,"column":null}},"5":{"start":{"line":86,"column":25},"end":{"line":86,"column":null}},"6":{"start":{"line":136,"column":25},"end":{"line":136,"column":null}},"7":{"start":{"line":186,"column":25},"end":{"line":186,"column":null}}},"fnMap":{"0":{"name":"(anonymous_0)","decl":{"start":{"line":8,"column":13},"end":{"line":8,"column":56}},"loc":{"start":{"line":8,"column":72},"end":{"line":257,"column":null}},"line":8},"1":{"name":"(anonymous_1)","decl":{"start":{"line":11,"column":8},"end":{"line":11,"column":28}},"loc":{"start":{"line":11,"column":28},"end":{"line":13,"column":null}},"line":11},"2":{"name":"(anonymous_2)","decl":{"start":{"line":86,"column":10},"end":{"line":86,"column":25}},"loc":{"start":{"line":86,"column":25},"end":{"line":86,"column":null}},"line":86},"3":{"name":"(anonymous_3)","decl":{"start":{"line":136,"column":10},"end":{"line":136,"column":25}},"loc":{"start":{"line":136,"column":25},"end":{"line":136,"column":null}},"line":136},"4":{"name":"(anonymous_4)","decl":{"start":{"line":186,"column":10},"end":{"line":186,"column":25}},"loc":{"start":{"line":186,"column":25},"end":{"line":186,"column":null}},"line":186}},"branchMap":{"0":{"loc":{"start":{"line":94,"column":33},"end":{"line":94,"column":null}},"type":"cond-expr","locations":[{"start":{"line":94,"column":58},"end":{"line":94,"column":81}},{"start":{"line":94,"column":81},"end":{"line":94,"column":null}}],"line":94},"1":{"loc":{"start":{"line":95,"column":23},"end":{"line":95,"column":null}},"type":"cond-expr","locations":[{"start":{"line":95,"column":48},"end":{"line":95,"column":90}},{"start":{"line":95,"column":90},"end":{"line":95,"column":null}}],"line":95},"2":{"loc":{"start":{"line":97,"column":23},"end":{"line":97,"column":null}},"type":"cond-expr","locations":[{"start":{"line":97,"column":48},"end":{"line":97,"column":64}},{"start":{"line":97,"column":64},"end":{"line":97,"column":null}}],"line":97},"3":{"loc":{"start":{"line":124,"column":35},"end":{"line":124,"column":null}},"type":"cond-expr","locations":[{"start":{"line":124,"column":60},"end":{"line":124,"column":83}},{"start":{"line":124,"column":83},"end":{"line":124,"column":null}}],"line":124},"4":{"loc":{"start":{"line":125,"column":26},"end":{"line":125,"column":null}},"type":"cond-expr","locations":[{"start":{"line":125,"column":51},"end":{"line":125,"column":74}},{"start":{"line":125,"column":74},"end":{"line":125,"column":null}}],"line":125},"5":{"loc":{"start":{"line":131,"column":13},"end":{"line":131,"column":null}},"type":"binary-expr","locations":[{"start":{"line":131,"column":13},"end":{"line":131,"column":39}},{"start":{"line":131,"column":39},"end":{"line":131,"column":null}}],"line":131},"6":{"loc":{"start":{"line":144,"column":33},"end":{"line":144,"column":null}},"type":"cond-expr","locations":[{"start":{"line":144,"column":60},"end":{"line":144,"column":83}},{"start":{"line":144,"column":83},"end":{"line":144,"column":null}}],"line":144},"7":{"loc":{"start":{"line":145,"column":23},"end":{"line":145,"column":null}},"type":"cond-expr","locations":[{"start":{"line":145,"column":50},"end":{"line":145,"column":92}},{"start":{"line":145,"column":92},"end":{"line":145,"column":null}}],"line":145},"8":{"loc":{"start":{"line":147,"column":23},"end":{"line":147,"column":null}},"type":"cond-expr","locations":[{"start":{"line":147,"column":50},"end":{"line":147,"column":66}},{"start":{"line":147,"column":66},"end":{"line":147,"column":null}}],"line":147},"9":{"loc":{"start":{"line":174,"column":35},"end":{"line":174,"column":null}},"type":"cond-expr","locations":[{"start":{"line":174,"column":62},"end":{"line":174,"column":85}},{"start":{"line":174,"column":85},"end":{"line":174,"column":null}}],"line":174},"10":{"loc":{"start":{"line":175,"column":26},"end":{"line":175,"column":null}},"type":"cond-expr","locations":[{"start":{"line":175,"column":53},"end":{"line":175,"column":76}},{"start":{"line":175,"column":76},"end":{"line":175,"column":null}}],"line":175},"11":{"loc":{"start":{"line":181,"column":13},"end":{"line":181,"column":null}},"type":"binary-expr","locations":[{"start":{"line":181,"column":13},"end":{"line":181,"column":41}},{"start":{"line":181,"column":41},"end":{"line":181,"column":null}}],"line":181},"12":{"loc":{"start":{"line":194,"column":33},"end":{"line":194,"column":null}},"type":"cond-expr","locations":[{"start":{"line":194,"column":62},"end":{"line":194,"column":85}},{"start":{"line":194,"column":85},"end":{"line":194,"column":null}}],"line":194},"13":{"loc":{"start":{"line":195,"column":23},"end":{"line":195,"column":null}},"type":"cond-expr","locations":[{"start":{"line":195,"column":52},"end":{"line":195,"column":94}},{"start":{"line":195,"column":94},"end":{"line":195,"column":null}}],"line":195},"14":{"loc":{"start":{"line":197,"column":23},"end":{"line":197,"column":null}},"type":"cond-expr","locations":[{"start":{"line":197,"column":52},"end":{"line":197,"column":68}},{"start":{"line":197,"column":68},"end":{"line":197,"column":null}}],"line":197},"15":{"loc":{"start":{"line":224,"column":35},"end":{"line":224,"column":null}},"type":"cond-expr","locations":[{"start":{"line":224,"column":64},"end":{"line":224,"column":87}},{"start":{"line":224,"column":87},"end":{"line":224,"column":null}}],"line":224},"16":{"loc":{"start":{"line":225,"column":26},"end":{"line":225,"column":null}},"type":"cond-expr","locations":[{"start":{"line":225,"column":55},"end":{"line":225,"column":78}},{"start":{"line":225,"column":78},"end":{"line":225,"column":null}}],"line":225},"17":{"loc":{"start":{"line":231,"column":13},"end":{"line":231,"column":null}},"type":"binary-expr","locations":[{"start":{"line":231,"column":13},"end":{"line":231,"column":43}},{"start":{"line":231,"column":43},"end":{"line":231,"column":null}}],"line":231}},"s":{"0":2,"1":11,"2":11,"3":5,"4":11,"5":0,"6":3,"7":1},"f":{"0":11,"1":5,"2":0,"3":3,"4":1},"b":{"0":[7,4],"1":[7,4],"2":[7,4],"3":[7,4],"4":[7,4],"5":[11,7],"6":[3,8],"7":[3,8],"8":[3,8],"9":[3,8],"10":[3,8],"11":[11,3],"12":[1,10],"13":[1,10],"14":[1,10],"15":[1,10],"16":[1,10],"17":[11,1]},"meta":{"lastBranch":18,"lastFunction":5,"lastStatement":8,"seen":{"s:8:13:257:Infinity":0,"f:8:13:8:56":0,"s:9:23:9:Infinity":1,"s:11:8:13:Infinity":2,"f:11:8:11:28":1,"s:12:4:12:Infinity":3,"s:15:2:255:Infinity":4,"f:86:10:86:25":2,"s:86:25:86:Infinity":5,"b:94:58:94:81:94:81:94:Infinity":0,"b:95:48:95:90:95:90:95:Infinity":1,"b:97:48:97:64:97:64:97:Infinity":2,"b:124:60:124:83:124:83:124:Infinity":3,"b:125:51:125:74:125:74:125:Infinity":4,"b:131:13:131:39:131:39:131:Infinity":5,"f:136:10:136:25":3,"s:136:25:136:Infinity":6,"b:144:60:144:83:144:83:144:Infinity":6,"b:145:50:145:92:145:92:145:Infinity":7,"b:147:50:147:66:147:66:147:Infinity":8,"b:174:62:174:85:174:85:174:Infinity":9,"b:175:53:175:76:175:76:175:Infinity":10,"b:181:13:181:41:181:41:181:Infinity":11,"f:186:10:186:25":4,"s:186:25:186:Infinity":7,"b:194:62:194:85:194:85:194:Infinity":12,"b:195:52:195:94:195:94:195:Infinity":13,"b:197:52:197:68:197:68:197:Infinity":14,"b:224:64:224:87:224:87:224:Infinity":15,"b:225:55:225:78:225:78:225:Infinity":16,"b:231:13:231:43:231:43:231:Infinity":17},"fnNames":{}}}
,"C:\\dev\\gravity\\calcan\\src\\data\\questions.ts": {"path":"C:\\dev\\gravity\\calcan\\src\\data\\questions.ts","statementMap":{"0":{"start":{"line":10,"column":37},"end":{"line":357,"column":null}}},"fnMap":{},"branchMap":{},"s":{"0":3},"f":{},"b":{},"meta":{"lastBranch":0,"lastFunction":0,"lastStatement":1,"seen":{"s:10:37:357:Infinity":0},"fnNames":{}}}
}
